<?xml version="1.0" encoding="UTF-8"?>
<testsuite xmlns:xsi="http://www.w3.org/2001/XMLSchema-instance" xsi:noNamespaceSchemaLocation="https://maven.apache.org/surefire/maven-surefire-plugin/xsd/surefire-test-report-3.0.xsd" version="3.0" name="com.udacity.catpoint.securityclass.service.SecurityServiceTesting" time="1.299" tests="16" errors="0" skipped="0" failures="0">
  <properties>
    <property name="java.specification.version" value="17"/>
    <property name="sun.cpu.isalist" value="amd64"/>
    <property name="sun.jnu.encoding" value="GBK"/>
    <property name="sun.awt.enableExtraMouseButtons" value="true"/>
    <property name="java.class.path" value="C:\Users\forsk\IdeaProjects\cd0384-java-application-deployment-projectstarter\starter\catpoint-parent\security_service_module\target\test-classes;C:\Users\forsk\.m2\repository\com\google\guava\failureaccess\1.0.1\failureaccess-1.0.1.jar;C:\Users\forsk\.m2\repository\com\google\guava\listenablefuture\9999.0-empty-to-avoid-conflict-with-guava\listenablefuture-9999.0-empty-to-avoid-conflict-with-guava.jar;C:\Users\forsk\.m2\repository\com\google\code\findbugs\jsr305\3.0.2\jsr305-3.0.2.jar;C:\Users\forsk\.m2\repository\org\checkerframework\checker-qual\3.8.0\checker-qual-3.8.0.jar;C:\Users\forsk\.m2\repository\com\google\errorprone\error_prone_annotations\2.5.1\error_prone_annotations-2.5.1.jar;C:\Users\forsk\.m2\repository\com\google\j2objc\j2objc-annotations\1.3\j2objc-annotations-1.3.jar;C:\Users\forsk\.m2\repository\software\amazon\awssdk\comprehend\2.17.76\comprehend-2.17.76.jar;C:\Users\forsk\.m2\repository\software\amazon\awssdk\aws-json-protocol\2.17.76\aws-json-protocol-2.17.76.jar;C:\Users\forsk\.m2\repository\software\amazon\awssdk\third-party-jackson-core\2.17.76\third-party-jackson-core-2.17.76.jar;C:\Users\forsk\.m2\repository\software\amazon\awssdk\protocol-core\2.17.76\protocol-core-2.17.76.jar;C:\Users\forsk\.m2\repository\org\reactivestreams\reactive-streams\1.0.3\reactive-streams-1.0.3.jar;C:\Users\forsk\.m2\repository\software\amazon\awssdk\http-client-spi\2.17.76\http-client-spi-2.17.76.jar;C:\Users\forsk\.m2\repository\software\amazon\awssdk\annotations\2.17.76\annotations-2.17.76.jar;C:\Users\forsk\.m2\repository\software\amazon\awssdk\utils\2.17.76\utils-2.17.76.jar;C:\Users\forsk\.m2\repository\software\amazon\awssdk\aws-core\2.17.76\aws-core-2.17.76.jar;C:\Users\forsk\.m2\repository\software\amazon\awssdk\metrics-spi\2.17.76\metrics-spi-2.17.76.jar;C:\Users\forsk\.m2\repository\software\amazon\awssdk\apache-client\2.17.76\apache-client-2.17.76.jar;C:\Users\forsk\.m2\repository\org\apache\httpcomponents\httpclient\4.5.13\httpclient-4.5.13.jar;C:\Users\forsk\.m2\repository\commons-logging\commons-logging\1.2\commons-logging-1.2.jar;C:\Users\forsk\.m2\repository\commons-codec\commons-codec\1.11\commons-codec-1.11.jar;C:\Users\forsk\.m2\repository\org\apache\httpcomponents\httpcore\4.4.11\httpcore-4.4.11.jar;C:\Users\forsk\.m2\repository\software\amazon\awssdk\netty-nio-client\2.17.76\netty-nio-client-2.17.76.jar;C:\Users\forsk\.m2\repository\io\netty\netty-codec-http\4.1.68.Final\netty-codec-http-4.1.68.Final.jar;C:\Users\forsk\.m2\repository\io\netty\netty-codec-http2\4.1.68.Final\netty-codec-http2-4.1.68.Final.jar;C:\Users\forsk\.m2\repository\io\netty\netty-codec\4.1.68.Final\netty-codec-4.1.68.Final.jar;C:\Users\forsk\.m2\repository\io\netty\netty-transport\4.1.68.Final\netty-transport-4.1.68.Final.jar;C:\Users\forsk\.m2\repository\io\netty\netty-resolver\4.1.68.Final\netty-resolver-4.1.68.Final.jar;C:\Users\forsk\.m2\repository\io\netty\netty-common\4.1.68.Final\netty-common-4.1.68.Final.jar;C:\Users\forsk\.m2\repository\io\netty\netty-buffer\4.1.68.Final\netty-buffer-4.1.68.Final.jar;C:\Users\forsk\.m2\repository\io\netty\netty-handler\4.1.68.Final\netty-handler-4.1.68.Final.jar;C:\Users\forsk\.m2\repository\io\netty\netty-transport-native-epoll\4.1.68.Final\netty-transport-native-epoll-4.1.68.Final-linux-x86_64.jar;C:\Users\forsk\.m2\repository\io\netty\netty-transport-native-unix-common\4.1.68.Final\netty-transport-native-unix-common-4.1.68.Final.jar;C:\Users\forsk\.m2\repository\com\typesafe\netty\netty-reactive-streams-http\2.0.5\netty-reactive-streams-http-2.0.5.jar;C:\Users\forsk\.m2\repository\com\typesafe\netty\netty-reactive-streams\2.0.5\netty-reactive-streams-2.0.5.jar;C:\Users\forsk\.m2\repository\software\amazon\awssdk\profiles\2.17.85\profiles-2.17.85.jar;C:\Users\forsk\.m2\repository\software\amazon\awssdk\json-utils\2.17.85\json-utils-2.17.85.jar;C:\Users\forsk\.m2\repository\software\amazon\eventstream\eventstream\1.0.1\eventstream-1.0.1.jar;C:\Users\forsk\.m2\repository\com\jtransc\jtransc-rt\0.6.8\jtransc-rt-0.6.8.jar;C:\Users\forsk\.m2\repository\com\jtransc\jtransc-rt-core\0.6.8\jtransc-rt-core-0.6.8.jar;C:\Users\forsk\.m2\repository\com\jtransc\jtransc-annotations\0.6.8\jtransc-annotations-0.6.8.jar;C:\Users\forsk\.m2\repository\org\junit\jupiter\junit-jupiter-params\5.6.2\junit-jupiter-params-5.6.2.jar;C:\Users\forsk\.m2\repository\org\apiguardian\apiguardian-api\1.1.0\apiguardian-api-1.1.0.jar;C:\Users\forsk\.m2\repository\org\junit\jupiter\junit-jupiter-api\5.6.2\junit-jupiter-api-5.6.2.jar;C:\Users\forsk\.m2\repository\org\opentest4j\opentest4j\1.2.0\opentest4j-1.2.0.jar;C:\Users\forsk\.m2\repository\org\junit\platform\junit-platform-commons\1.6.2\junit-platform-commons-1.6.2.jar;C:\Users\forsk\.m2\repository\org\mockito\mockito-junit-jupiter\4.0.0\mockito-junit-jupiter-4.0.0.jar;C:\Users\forsk\.m2\repository\org\mockito\mockito-core\4.1.0\mockito-core-4.1.0.jar;C:\Users\forsk\.m2\repository\net\bytebuddy\byte-buddy\1.12.1\byte-buddy-1.12.1.jar;C:\Users\forsk\.m2\repository\net\bytebuddy\byte-buddy-agent\1.12.1\byte-buddy-agent-1.12.1.jar;C:\Users\forsk\.m2\repository\org\objenesis\objenesis\3.2\objenesis-3.2.jar;"/>
    <property name="java.vm.vendor" value="Oracle Corporation"/>
    <property name="sun.arch.data.model" value="64"/>
    <property name="user.variant" value=""/>
    <property name="java.vendor.url" value="https://java.oracle.com/"/>
    <property name="user.timezone" value="America/New_York"/>
    <property name="os.name" value="Windows 10"/>
    <property name="java.vm.specification.version" value="17"/>
    <property name="sun.java.launcher" value="SUN_STANDARD"/>
    <property name="user.country" value="US"/>
    <property name="sun.boot.library.path" value="C:\Program Files\Java\jdk-17.0.1\bin"/>
    <property name="sun.java.command" value="org.apache.maven.surefire.booter.ForkedBooter C:\Users\forsk\AppData\Local\Temp\surefire12806532537058928378 2021-11-22T21-15-34_288-jvmRun1 surefire12412460628121449603tmp surefire_013502288172544025254tmp"/>
    <property name="jdk.debug" value="release"/>
    <property name="surefire.test.class.path" value="C:\Users\forsk\IdeaProjects\cd0384-java-application-deployment-projectstarter\starter\catpoint-parent\security_service_module\target\test-classes;C:\Users\forsk\.m2\repository\com\google\guava\failureaccess\1.0.1\failureaccess-1.0.1.jar;C:\Users\forsk\.m2\repository\com\google\guava\listenablefuture\9999.0-empty-to-avoid-conflict-with-guava\listenablefuture-9999.0-empty-to-avoid-conflict-with-guava.jar;C:\Users\forsk\.m2\repository\com\google\code\findbugs\jsr305\3.0.2\jsr305-3.0.2.jar;C:\Users\forsk\.m2\repository\org\checkerframework\checker-qual\3.8.0\checker-qual-3.8.0.jar;C:\Users\forsk\.m2\repository\com\google\errorprone\error_prone_annotations\2.5.1\error_prone_annotations-2.5.1.jar;C:\Users\forsk\.m2\repository\com\google\j2objc\j2objc-annotations\1.3\j2objc-annotations-1.3.jar;C:\Users\forsk\.m2\repository\software\amazon\awssdk\comprehend\2.17.76\comprehend-2.17.76.jar;C:\Users\forsk\.m2\repository\software\amazon\awssdk\aws-json-protocol\2.17.76\aws-json-protocol-2.17.76.jar;C:\Users\forsk\.m2\repository\software\amazon\awssdk\third-party-jackson-core\2.17.76\third-party-jackson-core-2.17.76.jar;C:\Users\forsk\.m2\repository\software\amazon\awssdk\protocol-core\2.17.76\protocol-core-2.17.76.jar;C:\Users\forsk\.m2\repository\org\reactivestreams\reactive-streams\1.0.3\reactive-streams-1.0.3.jar;C:\Users\forsk\.m2\repository\software\amazon\awssdk\http-client-spi\2.17.76\http-client-spi-2.17.76.jar;C:\Users\forsk\.m2\repository\software\amazon\awssdk\annotations\2.17.76\annotations-2.17.76.jar;C:\Users\forsk\.m2\repository\software\amazon\awssdk\utils\2.17.76\utils-2.17.76.jar;C:\Users\forsk\.m2\repository\software\amazon\awssdk\aws-core\2.17.76\aws-core-2.17.76.jar;C:\Users\forsk\.m2\repository\software\amazon\awssdk\metrics-spi\2.17.76\metrics-spi-2.17.76.jar;C:\Users\forsk\.m2\repository\software\amazon\awssdk\apache-client\2.17.76\apache-client-2.17.76.jar;C:\Users\forsk\.m2\repository\org\apache\httpcomponents\httpclient\4.5.13\httpclient-4.5.13.jar;C:\Users\forsk\.m2\repository\commons-logging\commons-logging\1.2\commons-logging-1.2.jar;C:\Users\forsk\.m2\repository\commons-codec\commons-codec\1.11\commons-codec-1.11.jar;C:\Users\forsk\.m2\repository\org\apache\httpcomponents\httpcore\4.4.11\httpcore-4.4.11.jar;C:\Users\forsk\.m2\repository\software\amazon\awssdk\netty-nio-client\2.17.76\netty-nio-client-2.17.76.jar;C:\Users\forsk\.m2\repository\io\netty\netty-codec-http\4.1.68.Final\netty-codec-http-4.1.68.Final.jar;C:\Users\forsk\.m2\repository\io\netty\netty-codec-http2\4.1.68.Final\netty-codec-http2-4.1.68.Final.jar;C:\Users\forsk\.m2\repository\io\netty\netty-codec\4.1.68.Final\netty-codec-4.1.68.Final.jar;C:\Users\forsk\.m2\repository\io\netty\netty-transport\4.1.68.Final\netty-transport-4.1.68.Final.jar;C:\Users\forsk\.m2\repository\io\netty\netty-resolver\4.1.68.Final\netty-resolver-4.1.68.Final.jar;C:\Users\forsk\.m2\repository\io\netty\netty-common\4.1.68.Final\netty-common-4.1.68.Final.jar;C:\Users\forsk\.m2\repository\io\netty\netty-buffer\4.1.68.Final\netty-buffer-4.1.68.Final.jar;C:\Users\forsk\.m2\repository\io\netty\netty-handler\4.1.68.Final\netty-handler-4.1.68.Final.jar;C:\Users\forsk\.m2\repository\io\netty\netty-transport-native-epoll\4.1.68.Final\netty-transport-native-epoll-4.1.68.Final-linux-x86_64.jar;C:\Users\forsk\.m2\repository\io\netty\netty-transport-native-unix-common\4.1.68.Final\netty-transport-native-unix-common-4.1.68.Final.jar;C:\Users\forsk\.m2\repository\com\typesafe\netty\netty-reactive-streams-http\2.0.5\netty-reactive-streams-http-2.0.5.jar;C:\Users\forsk\.m2\repository\com\typesafe\netty\netty-reactive-streams\2.0.5\netty-reactive-streams-2.0.5.jar;C:\Users\forsk\.m2\repository\software\amazon\awssdk\profiles\2.17.85\profiles-2.17.85.jar;C:\Users\forsk\.m2\repository\software\amazon\awssdk\json-utils\2.17.85\json-utils-2.17.85.jar;C:\Users\forsk\.m2\repository\software\amazon\eventstream\eventstream\1.0.1\eventstream-1.0.1.jar;C:\Users\forsk\.m2\repository\com\jtransc\jtransc-rt\0.6.8\jtransc-rt-0.6.8.jar;C:\Users\forsk\.m2\repository\com\jtransc\jtransc-rt-core\0.6.8\jtransc-rt-core-0.6.8.jar;C:\Users\forsk\.m2\repository\com\jtransc\jtransc-annotations\0.6.8\jtransc-annotations-0.6.8.jar;C:\Users\forsk\.m2\repository\org\junit\jupiter\junit-jupiter-params\5.6.2\junit-jupiter-params-5.6.2.jar;C:\Users\forsk\.m2\repository\org\apiguardian\apiguardian-api\1.1.0\apiguardian-api-1.1.0.jar;C:\Users\forsk\.m2\repository\org\junit\jupiter\junit-jupiter-api\5.6.2\junit-jupiter-api-5.6.2.jar;C:\Users\forsk\.m2\repository\org\opentest4j\opentest4j\1.2.0\opentest4j-1.2.0.jar;C:\Users\forsk\.m2\repository\org\junit\platform\junit-platform-commons\1.6.2\junit-platform-commons-1.6.2.jar;C:\Users\forsk\.m2\repository\org\mockito\mockito-junit-jupiter\4.0.0\mockito-junit-jupiter-4.0.0.jar;C:\Users\forsk\.m2\repository\org\mockito\mockito-core\4.1.0\mockito-core-4.1.0.jar;C:\Users\forsk\.m2\repository\net\bytebuddy\byte-buddy\1.12.1\byte-buddy-1.12.1.jar;C:\Users\forsk\.m2\repository\net\bytebuddy\byte-buddy-agent\1.12.1\byte-buddy-agent-1.12.1.jar;C:\Users\forsk\.m2\repository\org\objenesis\objenesis\3.2\objenesis-3.2.jar;"/>
    <property name="sun.cpu.endian" value="little"/>
    <property name="user.home" value="C:\Users\forsk"/>
    <property name="user.language" value="en"/>
    <property name="java.specification.vendor" value="Oracle Corporation"/>
    <property name="jdk.module.path" value="C:\Users\forsk\IdeaProjects\cd0384-java-application-deployment-projectstarter\starter\catpoint-parent\security_service_module\target\classes;C:\Users\forsk\.m2\repository\com\google\guava\guava\30.1.1-jre\guava-30.1.1-jre.jar;C:\Users\forsk\.m2\repository\com\miglayout\miglayout-swing\11.0\miglayout-swing-11.0.jar;C:\Users\forsk\.m2\repository\com\miglayout\miglayout-core\11.0\miglayout-core-11.0.jar;C:\Users\forsk\.m2\repository\com\google\code\gson\gson\2.8.9\gson-2.8.9.jar;C:\Users\forsk\IdeaProjects\cd0384-java-application-deployment-projectstarter\starter\catpoint-parent\image_service_module\target\imageclass-1.0-SNAPSHOT.jar;C:\Users\forsk\.m2\repository\org\slf4j\slf4j-api\2.0.0-alpha2\slf4j-api-2.0.0-alpha2.jar;C:\Users\forsk\.m2\repository\software\amazon\awssdk\sdk-core\2.17.76\sdk-core-2.17.76.jar;C:\Users\forsk\.m2\repository\software\amazon\awssdk\auth\2.17.85\auth-2.17.85.jar;C:\Users\forsk\.m2\repository\software\amazon\awssdk\regions\2.17.85\regions-2.17.85.jar;C:\Users\forsk\.m2\repository\software\amazon\awssdk\rekognition\2.17.85\rekognition-2.17.85.jar"/>
    <property name="java.version.date" value="2021-10-19"/>
    <property name="java.home" value="C:\Program Files\Java\jdk-17.0.1"/>
    <property name="file.separator" value="\"/>
    <property name="basedir" value="C:\Users\forsk\IdeaProjects\cd0384-java-application-deployment-projectstarter\starter\catpoint-parent\security_service_module"/>
    <property name="java.vm.compressedOopsMode" value="Zero based"/>
    <property name="line.separator" value="&#10;"/>
    <property name="java.vm.specification.vendor" value="Oracle Corporation"/>
    <property name="java.specification.name" value="Java Platform API Specification"/>
    <property name="surefire.real.class.path" value="C:\Users\forsk\.m2\repository\org\apache\maven\surefire\surefire-booter\3.0.0-M5\surefire-booter-3.0.0-M5.jar;C:\Users\forsk\.m2\repository\org\apache\maven\surefire\surefire-api\3.0.0-M5\surefire-api-3.0.0-M5.jar;C:\Users\forsk\.m2\repository\org\apache\maven\surefire\surefire-logger-api\3.0.0-M5\surefire-logger-api-3.0.0-M5.jar;C:\Users\forsk\.m2\repository\org\apache\maven\surefire\surefire-shared-utils\3.0.0-M4\surefire-shared-utils-3.0.0-M4.jar;C:\Users\forsk\.m2\repository\org\apache\maven\surefire\surefire-extensions-spi\3.0.0-M5\surefire-extensions-spi-3.0.0-M5.jar;C:\Users\forsk\IdeaProjects\cd0384-java-application-deployment-projectstarter\starter\catpoint-parent\security_service_module\target\test-classes;C:\Users\forsk\.m2\repository\com\google\guava\failureaccess\1.0.1\failureaccess-1.0.1.jar;C:\Users\forsk\.m2\repository\com\google\guava\listenablefuture\9999.0-empty-to-avoid-conflict-with-guava\listenablefuture-9999.0-empty-to-avoid-conflict-with-guava.jar;C:\Users\forsk\.m2\repository\com\google\code\findbugs\jsr305\3.0.2\jsr305-3.0.2.jar;C:\Users\forsk\.m2\repository\org\checkerframework\checker-qual\3.8.0\checker-qual-3.8.0.jar;C:\Users\forsk\.m2\repository\com\google\errorprone\error_prone_annotations\2.5.1\error_prone_annotations-2.5.1.jar;C:\Users\forsk\.m2\repository\com\google\j2objc\j2objc-annotations\1.3\j2objc-annotations-1.3.jar;C:\Users\forsk\.m2\repository\software\amazon\awssdk\comprehend\2.17.76\comprehend-2.17.76.jar;C:\Users\forsk\.m2\repository\software\amazon\awssdk\aws-json-protocol\2.17.76\aws-json-protocol-2.17.76.jar;C:\Users\forsk\.m2\repository\software\amazon\awssdk\third-party-jackson-core\2.17.76\third-party-jackson-core-2.17.76.jar;C:\Users\forsk\.m2\repository\software\amazon\awssdk\protocol-core\2.17.76\protocol-core-2.17.76.jar;C:\Users\forsk\.m2\repository\org\reactivestreams\reactive-streams\1.0.3\reactive-streams-1.0.3.jar;C:\Users\forsk\.m2\repository\software\amazon\awssdk\http-client-spi\2.17.76\http-client-spi-2.17.76.jar;C:\Users\forsk\.m2\repository\software\amazon\awssdk\annotations\2.17.76\annotations-2.17.76.jar;C:\Users\forsk\.m2\repository\software\amazon\awssdk\utils\2.17.76\utils-2.17.76.jar;C:\Users\forsk\.m2\repository\software\amazon\awssdk\aws-core\2.17.76\aws-core-2.17.76.jar;C:\Users\forsk\.m2\repository\software\amazon\awssdk\metrics-spi\2.17.76\metrics-spi-2.17.76.jar;C:\Users\forsk\.m2\repository\software\amazon\awssdk\apache-client\2.17.76\apache-client-2.17.76.jar;C:\Users\forsk\.m2\repository\org\apache\httpcomponents\httpclient\4.5.13\httpclient-4.5.13.jar;C:\Users\forsk\.m2\repository\commons-logging\commons-logging\1.2\commons-logging-1.2.jar;C:\Users\forsk\.m2\repository\commons-codec\commons-codec\1.11\commons-codec-1.11.jar;C:\Users\forsk\.m2\repository\org\apache\httpcomponents\httpcore\4.4.11\httpcore-4.4.11.jar;C:\Users\forsk\.m2\repository\software\amazon\awssdk\netty-nio-client\2.17.76\netty-nio-client-2.17.76.jar;C:\Users\forsk\.m2\repository\io\netty\netty-codec-http\4.1.68.Final\netty-codec-http-4.1.68.Final.jar;C:\Users\forsk\.m2\repository\io\netty\netty-codec-http2\4.1.68.Final\netty-codec-http2-4.1.68.Final.jar;C:\Users\forsk\.m2\repository\io\netty\netty-codec\4.1.68.Final\netty-codec-4.1.68.Final.jar;C:\Users\forsk\.m2\repository\io\netty\netty-transport\4.1.68.Final\netty-transport-4.1.68.Final.jar;C:\Users\forsk\.m2\repository\io\netty\netty-resolver\4.1.68.Final\netty-resolver-4.1.68.Final.jar;C:\Users\forsk\.m2\repository\io\netty\netty-common\4.1.68.Final\netty-common-4.1.68.Final.jar;C:\Users\forsk\.m2\repository\io\netty\netty-buffer\4.1.68.Final\netty-buffer-4.1.68.Final.jar;C:\Users\forsk\.m2\repository\io\netty\netty-handler\4.1.68.Final\netty-handler-4.1.68.Final.jar;C:\Users\forsk\.m2\repository\io\netty\netty-transport-native-epoll\4.1.68.Final\netty-transport-native-epoll-4.1.68.Final-linux-x86_64.jar;C:\Users\forsk\.m2\repository\io\netty\netty-transport-native-unix-common\4.1.68.Final\netty-transport-native-unix-common-4.1.68.Final.jar;C:\Users\forsk\.m2\repository\com\typesafe\netty\netty-reactive-streams-http\2.0.5\netty-reactive-streams-http-2.0.5.jar;C:\Users\forsk\.m2\repository\com\typesafe\netty\netty-reactive-streams\2.0.5\netty-reactive-streams-2.0.5.jar;C:\Users\forsk\.m2\repository\software\amazon\awssdk\profiles\2.17.85\profiles-2.17.85.jar;C:\Users\forsk\.m2\repository\software\amazon\awssdk\json-utils\2.17.85\json-utils-2.17.85.jar;C:\Users\forsk\.m2\repository\software\amazon\eventstream\eventstream\1.0.1\eventstream-1.0.1.jar;C:\Users\forsk\.m2\repository\com\jtransc\jtransc-rt\0.6.8\jtransc-rt-0.6.8.jar;C:\Users\forsk\.m2\repository\com\jtransc\jtransc-rt-core\0.6.8\jtransc-rt-core-0.6.8.jar;C:\Users\forsk\.m2\repository\com\jtransc\jtransc-annotations\0.6.8\jtransc-annotations-0.6.8.jar;C:\Users\forsk\.m2\repository\org\junit\jupiter\junit-jupiter-params\5.6.2\junit-jupiter-params-5.6.2.jar;C:\Users\forsk\.m2\repository\org\apiguardian\apiguardian-api\1.1.0\apiguardian-api-1.1.0.jar;C:\Users\forsk\.m2\repository\org\junit\jupiter\junit-jupiter-api\5.6.2\junit-jupiter-api-5.6.2.jar;C:\Users\forsk\.m2\repository\org\opentest4j\opentest4j\1.2.0\opentest4j-1.2.0.jar;C:\Users\forsk\.m2\repository\org\junit\platform\junit-platform-commons\1.6.2\junit-platform-commons-1.6.2.jar;C:\Users\forsk\.m2\repository\org\mockito\mockito-junit-jupiter\4.0.0\mockito-junit-jupiter-4.0.0.jar;C:\Users\forsk\.m2\repository\org\mockito\mockito-core\4.1.0\mockito-core-4.1.0.jar;C:\Users\forsk\.m2\repository\net\bytebuddy\byte-buddy\1.12.1\byte-buddy-1.12.1.jar;C:\Users\forsk\.m2\repository\net\bytebuddy\byte-buddy-agent\1.12.1\byte-buddy-agent-1.12.1.jar;C:\Users\forsk\.m2\repository\org\objenesis\objenesis\3.2\objenesis-3.2.jar;C:\Users\forsk\.m2\repository\org\apache\maven\surefire\surefire-junit-platform\3.0.0-M5\surefire-junit-platform-3.0.0-M5.jar;C:\Users\forsk\.m2\repository\org\apache\maven\surefire\common-java5\3.0.0-M5\common-java5-3.0.0-M5.jar;C:\Users\forsk\.m2\repository\org\junit\platform\junit-platform-launcher\1.6.2\junit-platform-launcher-1.6.2.jar;C:\Users\forsk\.m2\repository\org\junit\platform\junit-platform-engine\1.6.2\junit-platform-engine-1.6.2.jar;C:\Users\forsk\.m2\repository\org\junit\jupiter\junit-jupiter-engine\5.6.2\junit-jupiter-engine-5.6.2.jar"/>
    <property name="user.script" value=""/>
    <property name="sun.management.compiler" value="HotSpot 64-Bit Tiered Compilers"/>
    <property name="java.runtime.version" value="17.0.1+12-LTS-39"/>
    <property name="user.name" value="forsk"/>
    <property name="path.separator" value=";"/>
    <property name="os.version" value="10.0"/>
    <property name="java.runtime.name" value="Java(TM) SE Runtime Environment"/>
    <property name="file.encoding" value="Cp1252"/>
    <property name="java.vm.name" value="Java HotSpot(TM) 64-Bit Server VM"/>
    <property name="localRepository" value="C:\Users\forsk\.m2\repository"/>
    <property name="java.vendor.url.bug" value="https://bugreport.java.com/bugreport/"/>
    <property name="java.io.tmpdir" value="C:\Users\forsk\AppData\Local\Temp\"/>
    <property name="java.version" value="17.0.1"/>
    <property name="user.dir" value="C:\Users\forsk\IdeaProjects\cd0384-java-application-deployment-projectstarter\starter\catpoint-parent\security_service_module"/>
    <property name="os.arch" value="amd64"/>
    <property name="java.vm.specification.name" value="Java Virtual Machine Specification"/>
    <property name="sun.os.patch.level" value=""/>
    <property name="native.encoding" value="Cp1252"/>
    <property name="java.library.path" value="C:\Program Files\Java\jdk-17.0.1\bin;C:\WINDOWS\Sun\Java\bin;C:\WINDOWS\system32;C:\WINDOWS;C:\Program Files\Common Files\Oracle\Java\javapath;C:\Program Files (x86)\Razer Chroma SDK\bin;C:\Program Files\Razer Chroma SDK\bin;C:\Program Files (x86)\Razer\ChromaBroadcast\bin;C:\Program Files\Razer\ChromaBroadcast\bin;C:\Users\forsk\Downloads\WINDOWS.X64_193000_db_home\bin;C:\Windows\system32;C:\Windows;C:\Windows\System32\Wbem;C:\Windows\System32\WindowsPowerShell\v1.0\;C:\Windows\System32\OpenSSH\;C:\Program Files (x86)\NVIDIA Corporation\PhysX\Common;C:\Program Files\NVIDIA Corporation\NVIDIA NvDLISR;C:\Program Files\Java\jdk-14\bin;C:\Windows\system32\config\systemprofile\AppData\Local\Microsoft\WindowsApps;C:\Users\forsk\AppData\Local\Microsoft\WindowsApps;C:\Users\forsk\AppData\Local\atom\bin;c:\Users\forsk\AppData\Local\atom\bin;C:\WINDOWS\system32;C:\WINDOWS;C:\WINDOWS\System32\Wbem;C:\WINDOWS\System32\WindowsPowerShell\v1.0\;C:\WINDOWS\System32\OpenSSH\;C:\Program Files (x86)\Calibre2\;C:\Program Files\nodejs\;C:\Program Files\Git\cmd;C:\Users\forsk\AppData\Local\Microsoft\WindowsApps;C:\Users\forsk\AppData\Local\atom\bin;c:\Users\forsk\AppData\Local\atom\bin;C:\Users\forsk\AppData\Local\Microsoft\WindowsApps;C:\Users\forsk\AppData\Roaming\npm;C:\Users\forsk\Desktop\apache\apache-maven-3.8.3\bin;;."/>
    <property name="java.vm.info" value="mixed mode"/>
    <property name="java.vendor" value="Oracle Corporation"/>
    <property name="java.vm.version" value="17.0.1+12-LTS-39"/>
    <property name="sun.io.unicode.encoding" value="UnicodeLittle"/>
    <property name="java.class.version" value="61.0"/>
  </properties>
  <testcase name="disarmed_returnNoAlarmStatus" classname="com.udacity.catpoint.securityclass.service.SecurityServiceTesting" time="1.123"/>
  <testcase name="armedHome_cameraShowsCat_returnAlarmedAlarmStatus" classname="com.udacity.catpoint.securityclass.service.SecurityServiceTesting" time="0.008"/>
  <testcase name="removeSensorInSecurityService_checkIfSensorRemoved" classname="com.udacity.catpoint.securityclass.service.SecurityServiceTesting" time="0.114"/>
  <testcase name="cameraImageContainCat_armedHomeAlarmState_returnAlarmState" classname="com.udacity.catpoint.securityclass.service.SecurityServiceTesting" time="0.003"/>
  <testcase name="alarmedStatus_deactivatedSensor_returnPendingAlarmStatus" classname="com.udacity.catpoint.securityclass.service.SecurityServiceTesting" time="0.003"/>
  <testcase name="armed_returnInactiveSensor" classname="com.udacity.catpoint.securityclass.service.SecurityServiceTesting" time="0.004"/>
  <testcase name="alreadyDeactivatedSensor_deactivateSensor_checkNoChangeOnAlarmState" classname="com.udacity.catpoint.securityclass.service.SecurityServiceTesting" time="0.003"/>
  <testcase name="cameraImageNoCat_inactiveSensor_returnNoAlarmStatus" classname="com.udacity.catpoint.securityclass.service.SecurityServiceTesting" time="0.003"/>
  <testcase name="addSensorInSecurityService_checkIfSensorAdded" classname="com.udacity.catpoint.securityclass.service.SecurityServiceTesting" time="0.004"/>
  <testcase name="activeAlarm_checkNoChangeOnAlarmState" classname="com.udacity.catpoint.securityclass.service.SecurityServiceTesting" time="0.007"/>
  <testcase name="pendingAlarm_inactiveSensor_returnNoAlarmState" classname="com.udacity.catpoint.securityclass.service.SecurityServiceTesting" time="0.001"/>
  <testcase name="removeListenerInSecurityService_checkIfListenerRemoved" classname="com.udacity.catpoint.securityclass.service.SecurityServiceTesting" time="0.001"/>
  <testcase name="armedSensor_activatedSensor_checkPendingAlarmStatus" classname="com.udacity.catpoint.securityclass.service.SecurityServiceTesting" time="0.002"/>
  <testcase name="alreadyActiveSensor_activeSensor_pendingAlarmStatus_returnAlarmState" classname="com.udacity.catpoint.securityclass.service.SecurityServiceTesting" time="0.002"/>
  <testcase name="armedSensor_activatedSensor_pendingAlarmStatus_checkAlarmStatus" classname="com.udacity.catpoint.securityclass.service.SecurityServiceTesting" time="0.002"/>
  <testcase name="addListenerInSecurityService_checkIfListenerAdded" classname="com.udacity.catpoint.securityclass.service.SecurityServiceTesting" time="0.001"/>
</testsuite>